# JRE version: OpenJDK Runtime Environment Microsoft-10376486 (17.0.13+11) (build 17.0.13+11-LTS)
# Java VM: OpenJDK 64-Bit Server VM Microsoft-10376486 (17.0.13+11-LTS, mixed mode, sharing, tiered, compressed oops, compressed class ptrs, g1 gc, windows-amd64)
GC Precious Log:
 CPUs: 12 total, 12 available
 Memory: 15710M
 Large Page Support: Disabled
 NUMA Support: Disabled
 Compressed Oops: Enabled (32-bit)
 Heap Region Size: 1M
 Heap Min Capacity: 8M
 Heap Initial Capacity: 246M
 Heap Max Capacity: 2G
 Pre-touch: Disabled
 Parallel Workers: 10
 Concurrent Workers: 3
 Concurrent Refinement Workers: 10
 Periodic GC: Disabled
Heap:
 garbage-first heap   total 384000K, used 221460K [0x0000000080000000, 0x0000000100000000)
  region size 1024K, 5 young (5120K), 5 survivors (5120K)
 Metaspace       used 111428K, committed 112768K, reserved 557056K
  class space    used 15576K, committed 16192K, reserved 425984K
GC Heap History (20 events):
Event: 15.275 GC heap after
{Heap after GC invocations=59 (full 0):
 garbage-first heap   total 282624K, used 185675K [0x0000000080000000, 0x0000000100000000)
  region size 1024K, 5 young (5120K), 5 survivors (5120K)
 Metaspace       used 101589K, committed 102720K, reserved 557056K
  class space    used 14259K, committed 14784K, reserved 425984K
}
Event: 15.525 GC heap before
{Heap before GC invocations=59 (full 0):
 garbage-first heap   total 282624K, used 233803K [0x0000000080000000, 0x0000000100000000)
  region size 1024K, 53 young (54272K), 5 survivors (5120K)
 Metaspace       used 102910K, committed 104128K, reserved 557056K
  class space    used 14390K, committed 14976K, reserved 425984K
}
Event: 15.528 GC heap after
{Heap after GC invocations=60 (full 0):
 garbage-first heap   total 282624K, used 190707K [0x0000000080000000, 0x0000000100000000)
  region size 1024K, 7 young (7168K), 7 survivors (7168K)
 Metaspace       used 102910K, committed 104128K, reserved 557056K
  class space    used 14390K, committed 14976K, reserved 425984K
}
Event: 15.586 GC heap before
{Heap before GC invocations=60 (full 0):
 garbage-first heap   total 282624K, used 233715K [0x0000000080000000, 0x0000000100000000)
  region size 1024K, 50 young (51200K), 7 survivors (7168K)
 Metaspace       used 102912K, committed 104128K, reserved 557056K
  class space    used 14390K, committed 14976K, reserved 425984K
}
Event: 15.589 GC heap after
{Heap after GC invocations=61 (full 0):
 garbage-first heap   total 282624K, used 192222K [0x0000000080000000, 0x0000000100000000)
  region size 1024K, 4 young (4096K), 4 survivors (4096K)
 Metaspace       used 102912K, committed 104128K, reserved 557056K
  class space    used 14390K, committed 14976K, reserved 425984K
}
Event: 15.660 GC heap before
{Heap before GC invocations=61 (full 0):
 garbage-first heap   total 282624K, used 235230K [0x0000000080000000, 0x0000000100000000)
  region size 1024K, 47 young (48128K), 4 survivors (4096K)
 Metaspace       used 102912K, committed 104128K, reserved 557056K
  class space    used 14390K, committed 14976K, reserved 425984K
}
Event: 15.662 GC heap after
{Heap after GC invocations=62 (full 0):
 garbage-first heap   total 339968K, used 192946K [0x0000000080000000, 0x0000000100000000)
  region size 1024K, 4 young (4096K), 4 survivors (4096K)
 Metaspace       used 102912K, committed 104128K, reserved 557056K
  class space    used 14390K, committed 14976K, reserved 425984K
}
Event: 16.147 GC heap before
{Heap before GC invocations=62 (full 0):
 garbage-first heap   total 339968K, used 274866K [0x0000000080000000, 0x0000000100000000)
  region size 1024K, 84 young (86016K), 4 survivors (4096K)
 Metaspace       used 105038K, committed 106240K, reserved 557056K
  class space    used 14681K, committed 15232K, reserved 425984K
}
Event: 16.152 GC heap after
{Heap after GC invocations=63 (full 0):
 garbage-first heap   total 339968K, used 204465K [0x0000000080000000, 0x0000000100000000)
  region size 1024K, 12 young (12288K), 12 survivors (12288K)
 Metaspace       used 105038K, committed 106240K, reserved 557056K
  class space    used 14681K, committed 15232K, reserved 425984K
}
Event: 16.748 GC heap before
{Heap before GC invocations=64 (full 0):
 garbage-first heap   total 353280K, used 278193K [0x0000000080000000, 0x0000000100000000)
  region size 1024K, 84 young (86016K), 12 survivors (12288K)
 Metaspace       used 109110K, committed 110400K, reserved 557056K
  class space    used 15289K, committed 15872K, reserved 425984K
}
Event: 16.754 GC heap after
{Heap after GC invocations=65 (full 0):
 garbage-first heap   total 353280K, used 210330K [0x0000000080000000, 0x0000000100000000)
  region size 1024K, 6 young (6144K), 6 survivors (6144K)
 Metaspace       used 109110K, committed 110400K, reserved 557056K
  class space    used 15289K, committed 15872K, reserved 425984K
}
Event: 16.825 GC heap before
{Heap before GC invocations=65 (full 0):
 garbage-first heap   total 353280K, used 221594K [0x0000000080000000, 0x0000000100000000)
  region size 1024K, 17 young (17408K), 6 survivors (6144K)
 Metaspace       used 109382K, committed 110656K, reserved 557056K
  class space    used 15320K, committed 15872K, reserved 425984K
}
Event: 16.830 GC heap after
{Heap after GC invocations=66 (full 0):
 garbage-first heap   total 353280K, used 207154K [0x0000000080000000, 0x0000000100000000)
  region size 1024K, 3 young (3072K), 3 survivors (3072K)
 Metaspace       used 109382K, committed 110656K, reserved 557056K
  class space    used 15320K, committed 15872K, reserved 425984K
}
Event: 17.239 GC heap before
{Heap before GC invocations=66 (full 0):
 garbage-first heap   total 353280K, used 291122K [0x0000000080000000, 0x0000000100000000)
  region size 1024K, 85 young (87040K), 3 survivors (3072K)
 Metaspace       used 110673K, committed 112000K, reserved 557056K
  class space    used 15469K, committed 16064K, reserved 425984K
}
Event: 17.245 GC heap after
{Heap after GC invocations=67 (full 0):
 garbage-first heap   total 353280K, used 214468K [0x0000000080000000, 0x0000000100000000)
  region size 1024K, 11 young (11264K), 11 survivors (11264K)
 Metaspace       used 110673K, committed 112000K, reserved 557056K
  class space    used 15469K, committed 16064K, reserved 425984K
}
Event: 17.526 GC heap before
{Heap before GC invocations=68 (full 0):
 garbage-first heap   total 384000K, used 291268K [0x0000000080000000, 0x0000000100000000)
  region size 1024K, 87 young (89088K), 11 survivors (11264K)
 Metaspace       used 111424K, committed 112768K, reserved 557056K
  class space    used 15576K, committed 16192K, reserved 425984K
}
Event: 17.533 GC heap after
{Heap after GC invocations=69 (full 0):
 garbage-first heap   total 384000K, used 222419K [0x0000000080000000, 0x0000000100000000)
  region size 1024K, 8 young (8192K), 8 survivors (8192K)
 Metaspace       used 111424K, committed 112768K, reserved 557056K
  class space    used 15576K, committed 16192K, reserved 425984K
}
Event: 17.547 GC heap before
{Heap before GC invocations=69 (full 0):
 garbage-first heap   total 384000K, used 231635K [0x0000000080000000, 0x0000000100000000)
  region size 1024K, 18 young (18432K), 8 survivors (8192K)
 Metaspace       used 111424K, committed 112768K, reserved 557056K
  class space    used 15576K, committed 16192K, reserved 425984K
}
Event: 17.552 GC heap after
{Heap after GC invocations=70 (full 0):
 garbage-first heap   total 384000K, used 219929K [0x0000000080000000, 0x0000000100000000)
  region size 1024K, 3 young (3072K), 3 survivors (3072K)
 Metaspace       used 111424K, committed 112768K, reserved 557056K
  class space    used 15576K, committed 16192K, reserved 425984K
}
Event: 17.736 GC heap before
{Heap before GC invocations=70 (full 0):
 garbage-first heap   total 384000K, used 316185K [0x0000000080000000, 0x0000000100000000)
  region size 1024K, 98 young (100352K), 3 survivors (3072K)
 Metaspace       used 111428K, committed 112768K, reserved 557056K
  class space    used 15576K, committed 16192K, reserved 425984K
}

