# JRE version: OpenJDK Runtime Environment Microsoft-10376486 (17.0.13+11) (build 17.0.13+11-LTS)
# Java VM: OpenJDK 64-Bit Server VM Microsoft-10376486 (17.0.13+11-LTS, mixed mode, sharing, tiered, compressed oops, compressed class ptrs, g1 gc, windows-amd64)
GC Precious Log:
 CPUs: 12 total, 12 available
 Memory: 15710M
 Large Page Support: Disabled
 NUMA Support: Disabled
 Compressed Oops: Enabled (32-bit)
 Heap Region Size: 1M
 Heap Min Capacity: 8M
 Heap Initial Capacity: 246M
 Heap Max Capacity: 2G
 Pre-touch: Disabled
 Parallel Workers: 10
 Concurrent Workers: 3
 Concurrent Refinement Workers: 10
 Periodic GC: Disabled
Heap:
 garbage-first heap   total 373760K, used 213758K [0x0000000080000000, 0x0000000100000000)
  region size 1024K, 3 young (3072K), 3 survivors (3072K)
 Metaspace       used 115690K, committed 116992K, reserved 557056K
  class space    used 16110K, committed 16704K, reserved 425984K
GC Heap History (20 events):
Event: 47.921 GC heap after
{Heap after GC invocations=59 (full 0):
 garbage-first heap   total 296960K, used 173409K [0x0000000080000000, 0x0000000100000000)
  region size 1024K, 5 young (5120K), 5 survivors (5120K)
 Metaspace       used 104998K, committed 106048K, reserved 557056K
  class space    used 14701K, committed 15168K, reserved 425984K
}
Event: 48.105 GC heap before
{Heap before GC invocations=59 (full 0):
 garbage-first heap   total 296960K, used 244065K [0x0000000080000000, 0x0000000100000000)
  region size 1024K, 75 young (76800K), 5 survivors (5120K)
 Metaspace       used 104998K, committed 106048K, reserved 557056K
  class space    used 14701K, committed 15168K, reserved 425984K
}
Event: 48.110 GC heap after
{Heap after GC invocations=60 (full 0):
 garbage-first heap   total 296960K, used 175276K [0x0000000080000000, 0x0000000100000000)
  region size 1024K, 7 young (7168K), 7 survivors (7168K)
 Metaspace       used 104998K, committed 106048K, reserved 557056K
  class space    used 14701K, committed 15168K, reserved 425984K
}
Event: 49.224 GC heap before
{Heap before GC invocations=60 (full 0):
 garbage-first heap   total 296960K, used 250028K [0x0000000080000000, 0x0000000100000000)
  region size 1024K, 77 young (78848K), 7 survivors (7168K)
 Metaspace       used 106921K, committed 108160K, reserved 557056K
  class space    used 14927K, committed 15488K, reserved 425984K
}
Event: 49.233 GC heap after
{Heap after GC invocations=61 (full 0):
 garbage-first heap   total 296960K, used 186365K [0x0000000080000000, 0x0000000100000000)
  region size 1024K, 10 young (10240K), 10 survivors (10240K)
 Metaspace       used 106921K, committed 108160K, reserved 557056K
  class space    used 14927K, committed 15488K, reserved 425984K
}
Event: 49.660 GC heap before
{Heap before GC invocations=61 (full 0):
 garbage-first heap   total 296960K, used 244733K [0x0000000080000000, 0x0000000100000000)
  region size 1024K, 68 young (69632K), 10 survivors (10240K)
 Metaspace       used 108217K, committed 109440K, reserved 557056K
  class space    used 15058K, committed 15616K, reserved 425984K
}
Event: 49.673 GC heap after
{Heap after GC invocations=62 (full 0):
 garbage-first heap   total 296960K, used 192203K [0x0000000080000000, 0x0000000100000000)
  region size 1024K, 7 young (7168K), 7 survivors (7168K)
 Metaspace       used 108217K, committed 109440K, reserved 557056K
  class space    used 15058K, committed 15616K, reserved 425984K
}
Event: 50.084 GC heap before
{Heap before GC invocations=62 (full 0):
 garbage-first heap   total 296960K, used 245451K [0x0000000080000000, 0x0000000100000000)
  region size 1024K, 60 young (61440K), 7 survivors (7168K)
 Metaspace       used 108247K, committed 109440K, reserved 557056K
  class space    used 15058K, committed 15616K, reserved 425984K
}
Event: 50.090 GC heap after
{Heap after GC invocations=63 (full 0):
 garbage-first heap   total 296960K, used 194888K [0x0000000080000000, 0x0000000100000000)
  region size 1024K, 5 young (5120K), 5 survivors (5120K)
 Metaspace       used 108247K, committed 109440K, reserved 557056K
  class space    used 15058K, committed 15616K, reserved 425984K
}
Event: 50.215 GC heap before
{Heap before GC invocations=63 (full 0):
 garbage-first heap   total 296960K, used 247112K [0x0000000080000000, 0x0000000100000000)
  region size 1024K, 57 young (58368K), 5 survivors (5120K)
 Metaspace       used 108247K, committed 109440K, reserved 557056K
  class space    used 15058K, committed 15616K, reserved 425984K
}
Event: 50.218 GC heap after
{Heap after GC invocations=64 (full 0):
 garbage-first heap   total 296960K, used 195703K [0x0000000080000000, 0x0000000100000000)
  region size 1024K, 4 young (4096K), 4 survivors (4096K)
 Metaspace       used 108247K, committed 109440K, reserved 557056K
  class space    used 15058K, committed 15616K, reserved 425984K
}
Event: 51.000 GC heap before
{Heap before GC invocations=64 (full 0):
 garbage-first heap   total 296960K, used 250999K [0x0000000080000000, 0x0000000100000000)
  region size 1024K, 57 young (58368K), 4 survivors (4096K)
 Metaspace       used 109285K, committed 110528K, reserved 557056K
  class space    used 15179K, committed 15744K, reserved 425984K
}
Event: 51.009 GC heap after
{Heap after GC invocations=65 (full 0):
 garbage-first heap   total 296960K, used 206359K [0x0000000080000000, 0x0000000100000000)
  region size 1024K, 8 young (8192K), 8 survivors (8192K)
 Metaspace       used 109285K, committed 110528K, reserved 557056K
  class space    used 15179K, committed 15744K, reserved 425984K
}
Event: 51.694 GC heap before
{Heap before GC invocations=65 (full 0):
 garbage-first heap   total 296960K, used 248343K [0x0000000080000000, 0x0000000100000000)
  region size 1024K, 49 young (50176K), 8 survivors (8192K)
 Metaspace       used 112245K, committed 113536K, reserved 557056K
  class space    used 15653K, committed 16256K, reserved 425984K
}
Event: 51.703 GC heap after
{Heap after GC invocations=66 (full 0):
 garbage-first heap   total 296960K, used 209471K [0x0000000080000000, 0x0000000100000000)
  region size 1024K, 3 young (3072K), 3 survivors (3072K)
 Metaspace       used 112245K, committed 113536K, reserved 557056K
  class space    used 15653K, committed 16256K, reserved 425984K
}
Event: 52.491 GC heap before
{Heap before GC invocations=66 (full 0):
 garbage-first heap   total 296960K, used 250431K [0x0000000080000000, 0x0000000100000000)
  region size 1024K, 44 young (45056K), 3 survivors (3072K)
 Metaspace       used 114506K, committed 115776K, reserved 557056K
  class space    used 15900K, committed 16512K, reserved 425984K
}
Event: 52.499 GC heap after
{Heap after GC invocations=67 (full 0):
 garbage-first heap   total 296960K, used 212248K [0x0000000080000000, 0x0000000100000000)
  region size 1024K, 6 young (6144K), 6 survivors (6144K)
 Metaspace       used 114506K, committed 115776K, reserved 557056K
  class space    used 15900K, committed 16512K, reserved 425984K
}
Event: 53.029 GC heap before
{Heap before GC invocations=68 (full 0):
 garbage-first heap   total 373760K, used 247064K [0x0000000080000000, 0x0000000100000000)
  region size 1024K, 40 young (40960K), 6 survivors (6144K)
 Metaspace       used 115451K, committed 116736K, reserved 557056K
  class space    used 16065K, committed 16640K, reserved 425984K
}
Event: 53.038 GC heap after
{Heap after GC invocations=69 (full 0):
 garbage-first heap   total 373760K, used 217448K [0x0000000080000000, 0x0000000100000000)
  region size 1024K, 5 young (5120K), 5 survivors (5120K)
 Metaspace       used 115451K, committed 116736K, reserved 557056K
  class space    used 16065K, committed 16640K, reserved 425984K
}
Event: 53.178 GC heap before
{Heap before GC invocations=69 (full 0):
 garbage-first heap   total 373760K, used 230760K [0x0000000080000000, 0x0000000100000000)
  region size 1024K, 18 young (18432K), 5 survivors (5120K)
 Metaspace       used 115690K, committed 116992K, reserved 557056K
  class space    used 16110K, committed 16704K, reserved 425984K
}

