# JRE version: OpenJDK Runtime Environment Microsoft-10376486 (17.0.13+11) (build 17.0.13+11-LTS)
# Java VM: OpenJDK 64-Bit Server VM Microsoft-10376486 (17.0.13+11-LTS, mixed mode, sharing, tiered, compressed oops, compressed class ptrs, g1 gc, windows-amd64)
GC Precious Log:
 CPUs: 12 total, 12 available
 Memory: 15710M
 Large Page Support: Disabled
 NUMA Support: Disabled
 Compressed Oops: Enabled (32-bit)
 Heap Region Size: 1M
 Heap Min Capacity: 8M
 Heap Initial Capacity: 246M
 Heap Max Capacity: 2G
 Pre-touch: Disabled
 Parallel Workers: 10
 Concurrent Workers: 3
 Concurrent Refinement Workers: 10
 Periodic GC: Disabled
Heap:
 garbage-first heap   total 243712K, used 191048K [0x0000000080000000, 0x0000000100000000)
  region size 1024K, 82 young (83968K), 8 survivors (8192K)
 Metaspace       used 97503K, committed 98560K, reserved 557056K
  class space    used 13739K, committed 14208K, reserved 425984K
GC Heap History (20 events):
Event: 17.807 GC heap before
{Heap before GC invocations=29 (full 0):
 garbage-first heap   total 121856K, used 97666K [0x0000000080000000, 0x0000000100000000)
  region size 1024K, 35 young (35840K), 4 survivors (4096K)
 Metaspace       used 65453K, committed 66176K, reserved 491520K
  class space    used 9316K, committed 9664K, reserved 425984K
}
Event: 17.812 GC heap after
{Heap after GC invocations=30 (full 0):
 garbage-first heap   total 121856K, used 67886K [0x0000000080000000, 0x0000000100000000)
  region size 1024K, 4 young (4096K), 4 survivors (4096K)
 Metaspace       used 65453K, committed 66176K, reserved 491520K
  class space    used 9316K, committed 9664K, reserved 425984K
}
Event: 17.825 GC heap before
{Heap before GC invocations=30 (full 0):
 garbage-first heap   total 121856K, used 68910K [0x0000000080000000, 0x0000000100000000)
  region size 1024K, 5 young (5120K), 4 survivors (4096K)
 Metaspace       used 65540K, committed 66240K, reserved 491520K
  class space    used 9332K, committed 9664K, reserved 425984K
}
Event: 17.828 GC heap after
{Heap after GC invocations=31 (full 0):
 garbage-first heap   total 121856K, used 67393K [0x0000000080000000, 0x0000000100000000)
  region size 1024K, 1 young (1024K), 1 survivors (1024K)
 Metaspace       used 65540K, committed 66240K, reserved 491520K
  class space    used 9332K, committed 9664K, reserved 425984K
}
Event: 18.364 GC heap before
{Heap before GC invocations=31 (full 0):
 garbage-first heap   total 121856K, used 97089K [0x0000000080000000, 0x0000000100000000)
  region size 1024K, 30 young (30720K), 1 survivors (1024K)
 Metaspace       used 67778K, committed 68480K, reserved 491520K
  class space    used 9631K, committed 9984K, reserved 425984K
}
Event: 18.372 GC heap after
{Heap after GC invocations=32 (full 0):
 garbage-first heap   total 243712K, used 69170K [0x0000000080000000, 0x0000000100000000)
  region size 1024K, 3 young (3072K), 3 survivors (3072K)
 Metaspace       used 67778K, committed 68480K, reserved 491520K
  class space    used 9631K, committed 9984K, reserved 425984K
}
Event: 20.736 GC heap before
{Heap before GC invocations=32 (full 0):
 garbage-first heap   total 243712K, used 175666K [0x0000000080000000, 0x0000000100000000)
  region size 1024K, 108 young (110592K), 3 survivors (3072K)
 Metaspace       used 72220K, committed 73088K, reserved 491520K
  class space    used 10281K, committed 10688K, reserved 425984K
}
Event: 20.747 GC heap after
{Heap after GC invocations=33 (full 0):
 garbage-first heap   total 243712K, used 79595K [0x0000000080000000, 0x0000000100000000)
  region size 1024K, 13 young (13312K), 13 survivors (13312K)
 Metaspace       used 72220K, committed 73088K, reserved 491520K
  class space    used 10281K, committed 10688K, reserved 425984K
}
Event: 21.406 GC heap before
{Heap before GC invocations=33 (full 0):
 garbage-first heap   total 243712K, used 179947K [0x0000000080000000, 0x0000000100000000)
  region size 1024K, 112 young (114688K), 13 survivors (13312K)
 Metaspace       used 72548K, committed 73408K, reserved 491520K
  class space    used 10282K, committed 10688K, reserved 425984K
}
Event: 21.415 GC heap after
{Heap after GC invocations=34 (full 0):
 garbage-first heap   total 243712K, used 82763K [0x0000000080000000, 0x0000000100000000)
  region size 1024K, 6 young (6144K), 6 survivors (6144K)
 Metaspace       used 72548K, committed 73408K, reserved 491520K
  class space    used 10282K, committed 10688K, reserved 425984K
}
Event: 22.526 GC heap before
{Heap before GC invocations=34 (full 0):
 garbage-first heap   total 243712K, used 192331K [0x0000000080000000, 0x0000000100000000)
  region size 1024K, 107 young (109568K), 6 survivors (6144K)
 Metaspace       used 74630K, committed 75520K, reserved 491520K
  class space    used 10549K, committed 11008K, reserved 425984K
}
Event: 22.534 GC heap after
{Heap after GC invocations=35 (full 0):
 garbage-first heap   total 243712K, used 95600K [0x0000000080000000, 0x0000000100000000)
  region size 1024K, 12 young (12288K), 12 survivors (12288K)
 Metaspace       used 74630K, committed 75520K, reserved 491520K
  class space    used 10549K, committed 11008K, reserved 425984K
}
Event: 23.905 GC heap before
{Heap before GC invocations=35 (full 0):
 garbage-first heap   total 243712K, used 193904K [0x0000000080000000, 0x0000000100000000)
  region size 1024K, 103 young (105472K), 12 survivors (12288K)
 Metaspace       used 81388K, committed 82240K, reserved 557056K
  class space    used 11349K, committed 11776K, reserved 425984K
}
Event: 23.912 GC heap after
{Heap after GC invocations=36 (full 0):
 garbage-first heap   total 243712K, used 103548K [0x0000000080000000, 0x0000000100000000)
  region size 1024K, 7 young (7168K), 7 survivors (7168K)
 Metaspace       used 81388K, committed 82240K, reserved 557056K
  class space    used 11349K, committed 11776K, reserved 425984K
}
Event: 25.217 GC heap before
{Heap before GC invocations=36 (full 0):
 garbage-first heap   total 243712K, used 193660K [0x0000000080000000, 0x0000000100000000)
  region size 1024K, 93 young (95232K), 7 survivors (7168K)
 Metaspace       used 87134K, committed 88064K, reserved 557056K
  class space    used 12168K, committed 12608K, reserved 425984K
}
Event: 25.222 GC heap after
{Heap after GC invocations=37 (full 0):
 garbage-first heap   total 243712K, used 108922K [0x0000000080000000, 0x0000000100000000)
  region size 1024K, 4 young (4096K), 4 survivors (4096K)
 Metaspace       used 87134K, committed 88064K, reserved 557056K
  class space    used 12168K, committed 12608K, reserved 425984K
}
Event: 26.412 GC heap before
{Heap before GC invocations=37 (full 0):
 garbage-first heap   total 243712K, used 196986K [0x0000000080000000, 0x0000000100000000)
  region size 1024K, 89 young (91136K), 4 survivors (4096K)
 Metaspace       used 90337K, committed 91328K, reserved 557056K
  class space    used 12595K, committed 13056K, reserved 425984K
}
Event: 26.421 GC heap after
{Heap after GC invocations=38 (full 0):
 garbage-first heap   total 243712K, used 113005K [0x0000000080000000, 0x0000000100000000)
  region size 1024K, 8 young (8192K), 8 survivors (8192K)
 Metaspace       used 90337K, committed 91328K, reserved 557056K
  class space    used 12595K, committed 13056K, reserved 425984K
}
Event: 27.944 GC heap before
{Heap before GC invocations=38 (full 0):
 garbage-first heap   total 243712K, used 197997K [0x0000000080000000, 0x0000000100000000)
  region size 1024K, 91 young (93184K), 8 survivors (8192K)
 Metaspace       used 95892K, committed 96896K, reserved 557056K
  class space    used 13516K, committed 14016K, reserved 425984K
}
Event: 27.952 GC heap after
{Heap after GC invocations=39 (full 0):
 garbage-first heap   total 243712K, used 116296K [0x0000000080000000, 0x0000000100000000)
  region size 1024K, 8 young (8192K), 8 survivors (8192K)
 Metaspace       used 95892K, committed 96896K, reserved 557056K
  class space    used 13516K, committed 14016K, reserved 425984K
}

