# JRE version: OpenJDK Runtime Environment Microsoft-10376486 (17.0.13+11) (build 17.0.13+11-LTS)
# Java VM: OpenJDK 64-Bit Server VM Microsoft-10376486 (17.0.13+11-LTS, mixed mode, sharing, tiered, compressed oops, compressed class ptrs, g1 gc, windows-amd64)
GC Precious Log:
 CPUs: 12 total, 12 available
 Memory: 15710M
 Large Page Support: Disabled
 NUMA Support: Disabled
 Compressed Oops: Enabled (32-bit)
 Heap Region Size: 1M
 Heap Min Capacity: 8M
 Heap Initial Capacity: 246M
 Heap Max Capacity: 2G
 Pre-touch: Disabled
 Parallel Workers: 10
 Concurrent Workers: 3
 Concurrent Refinement Workers: 10
 Periodic GC: Disabled
Heap:
 garbage-first heap   total 353280K, used 223457K [0x0000000080000000, 0x0000000100000000)
  region size 1024K, 26 young (26624K), 12 survivors (12288K)
 Metaspace       used 110583K, committed 111872K, reserved 557056K
  class space    used 15477K, committed 16064K, reserved 425984K
GC Heap History (20 events):
Event: 13.939 GC heap before
{Heap before GC invocations=54 (full 0):
 garbage-first heap   total 243712K, used 202415K [0x0000000080000000, 0x0000000100000000)
  region size 1024K, 40 young (40960K), 4 survivors (4096K)
 Metaspace       used 99669K, committed 100800K, reserved 557056K
  class space    used 14052K, committed 14592K, reserved 425984K
}
Event: 13.942 GC heap after
{Heap after GC invocations=55 (full 0):
 garbage-first heap   total 309248K, used 167521K [0x0000000080000000, 0x0000000100000000)
  region size 1024K, 4 young (4096K), 4 survivors (4096K)
 Metaspace       used 99669K, committed 100800K, reserved 557056K
  class space    used 14052K, committed 14592K, reserved 425984K
}
Event: 14.222 GC heap before
{Heap before GC invocations=55 (full 0):
 garbage-first heap   total 309248K, used 246369K [0x0000000080000000, 0x0000000100000000)
  region size 1024K, 78 young (79872K), 4 survivors (4096K)
 Metaspace       used 99778K, committed 100928K, reserved 557056K
  class space    used 14062K, committed 14592K, reserved 425984K
}
Event: 14.225 GC heap after
{Heap after GC invocations=56 (full 0):
 garbage-first heap   total 309248K, used 177257K [0x0000000080000000, 0x0000000100000000)
  region size 1024K, 10 young (10240K), 10 survivors (10240K)
 Metaspace       used 99778K, committed 100928K, reserved 557056K
  class space    used 14062K, committed 14592K, reserved 425984K
}
Event: 14.629 GC heap before
{Heap before GC invocations=56 (full 0):
 garbage-first heap   total 309248K, used 246889K [0x0000000080000000, 0x0000000100000000)
  region size 1024K, 78 young (79872K), 10 survivors (10240K)
 Metaspace       used 101536K, committed 102656K, reserved 557056K
  class space    used 14270K, committed 14784K, reserved 425984K
}
Event: 14.634 GC heap after
{Heap after GC invocations=57 (full 0):
 garbage-first heap   total 309248K, used 181373K [0x0000000080000000, 0x0000000100000000)
  region size 1024K, 7 young (7168K), 7 survivors (7168K)
 Metaspace       used 101536K, committed 102656K, reserved 557056K
  class space    used 14270K, committed 14784K, reserved 425984K
}
Event: 14.940 GC heap before
{Heap before GC invocations=57 (full 0):
 garbage-first heap   total 309248K, used 248957K [0x0000000080000000, 0x0000000100000000)
  region size 1024K, 74 young (75776K), 7 survivors (7168K)
 Metaspace       used 102863K, committed 104064K, reserved 557056K
  class space    used 14401K, committed 14976K, reserved 425984K
}
Event: 14.944 GC heap after
{Heap after GC invocations=58 (full 0):
 garbage-first heap   total 309248K, used 186895K [0x0000000080000000, 0x0000000100000000)
  region size 1024K, 8 young (8192K), 8 survivors (8192K)
 Metaspace       used 102863K, committed 104064K, reserved 557056K
  class space    used 14401K, committed 14976K, reserved 425984K
}
Event: 15.024 GC heap before
{Heap before GC invocations=58 (full 0):
 garbage-first heap   total 309248K, used 251407K [0x0000000080000000, 0x0000000100000000)
  region size 1024K, 72 young (73728K), 8 survivors (8192K)
 Metaspace       used 102863K, committed 104064K, reserved 557056K
  class space    used 14401K, committed 14976K, reserved 425984K
}
Event: 15.027 GC heap after
{Heap after GC invocations=59 (full 0):
 garbage-first heap   total 309248K, used 188525K [0x0000000080000000, 0x0000000100000000)
  region size 1024K, 4 young (4096K), 4 survivors (4096K)
 Metaspace       used 102863K, committed 104064K, reserved 557056K
  class space    used 14401K, committed 14976K, reserved 425984K
}
Event: 15.466 GC heap before
{Heap before GC invocations=59 (full 0):
 garbage-first heap   total 309248K, used 256109K [0x0000000080000000, 0x0000000100000000)
  region size 1024K, 69 young (70656K), 4 survivors (4096K)
 Metaspace       used 104182K, committed 105408K, reserved 557056K
  class space    used 14567K, committed 15168K, reserved 425984K
}
Event: 15.470 GC heap after
{Heap after GC invocations=60 (full 0):
 garbage-first heap   total 309248K, used 199372K [0x0000000080000000, 0x0000000100000000)
  region size 1024K, 9 young (9216K), 9 survivors (9216K)
 Metaspace       used 104182K, committed 105408K, reserved 557056K
  class space    used 14567K, committed 15168K, reserved 425984K
}
Event: 15.528 GC heap before
{Heap before GC invocations=60 (full 0):
 garbage-first heap   total 309248K, used 205516K [0x0000000080000000, 0x0000000100000000)
  region size 1024K, 16 young (16384K), 9 survivors (9216K)
 Metaspace       used 104617K, committed 105856K, reserved 557056K
  class space    used 14628K, committed 15232K, reserved 425984K
}
Event: 15.532 GC heap after
{Heap after GC invocations=61 (full 0):
 garbage-first heap   total 309248K, used 201266K [0x0000000080000000, 0x0000000100000000)
  region size 1024K, 2 young (2048K), 2 survivors (2048K)
 Metaspace       used 104617K, committed 105856K, reserved 557056K
  class space    used 14628K, committed 15232K, reserved 425984K
}
Event: 15.977 GC heap before
{Heap before GC invocations=62 (full 0):
 garbage-first heap   total 353280K, used 251442K [0x0000000080000000, 0x0000000100000000)
  region size 1024K, 52 young (53248K), 2 survivors (2048K)
 Metaspace       used 107959K, committed 109184K, reserved 557056K
  class space    used 15168K, committed 15744K, reserved 425984K
}
Event: 15.981 GC heap after
{Heap after GC invocations=63 (full 0):
 garbage-first heap   total 353280K, used 203785K [0x0000000080000000, 0x0000000100000000)
  region size 1024K, 4 young (4096K), 4 survivors (4096K)
 Metaspace       used 107959K, committed 109184K, reserved 557056K
  class space    used 15168K, committed 15744K, reserved 425984K
}
Event: 16.101 GC heap before
{Heap before GC invocations=63 (full 0):
 garbage-first heap   total 353280K, used 217097K [0x0000000080000000, 0x0000000100000000)
  region size 1024K, 17 young (17408K), 4 survivors (4096K)
 Metaspace       used 108274K, committed 109504K, reserved 557056K
  class space    used 15195K, committed 15744K, reserved 425984K
}
Event: 16.105 GC heap after
{Heap after GC invocations=64 (full 0):
 garbage-first heap   total 353280K, used 200415K [0x0000000080000000, 0x0000000100000000)
  region size 1024K, 2 young (2048K), 2 survivors (2048K)
 Metaspace       used 108274K, committed 109504K, reserved 557056K
  class space    used 15195K, committed 15744K, reserved 425984K
}
Event: 16.656 GC heap before
{Heap before GC invocations=64 (full 0):
 garbage-first heap   total 353280K, used 290527K [0x0000000080000000, 0x0000000100000000)
  region size 1024K, 90 young (92160K), 2 survivors (2048K)
 Metaspace       used 110503K, committed 111744K, reserved 557056K
  class space    used 15469K, committed 16000K, reserved 425984K
}
Event: 16.661 GC heap after
{Heap after GC invocations=65 (full 0):
 garbage-first heap   total 353280K, used 210145K [0x0000000080000000, 0x0000000100000000)
  region size 1024K, 12 young (12288K), 12 survivors (12288K)
 Metaspace       used 110503K, committed 111744K, reserved 557056K
  class space    used 15469K, committed 16000K, reserved 425984K
}

