# JRE version: OpenJDK Runtime Environment Microsoft-10376486 (17.0.13+11) (build 17.0.13+11-LTS)
# Java VM: OpenJDK 64-Bit Server VM Microsoft-10376486 (17.0.13+11-LTS, mixed mode, sharing, tiered, compressed oops, compressed class ptrs, g1 gc, windows-amd64)
GC Precious Log:
 CPUs: 12 total, 12 available
 Memory: 15710M
 Large Page Support: Disabled
 NUMA Support: Disabled
 Compressed Oops: Enabled (32-bit)
 Heap Region Size: 1M
 Heap Min Capacity: 8M
 Heap Initial Capacity: 246M
 Heap Max Capacity: 2G
 Pre-touch: Disabled
 Parallel Workers: 10
 Concurrent Workers: 3
 Concurrent Refinement Workers: 10
 Periodic GC: Disabled
Heap:
 garbage-first heap   total 350208K, used 307107K [0x0000000080000000, 0x0000000100000000)
  region size 1024K, 2 young (2048K), 2 survivors (2048K)
 Metaspace       used 121287K, committed 122944K, reserved 557056K
  class space    used 16576K, committed 17344K, reserved 425984K
GC Heap History (20 events):
Event: 45.814 GC heap after
{Heap after GC invocations=66 (full 0):
 garbage-first heap   total 350208K, used 279743K [0x0000000080000000, 0x0000000100000000)
  region size 1024K, 6 young (6144K), 6 survivors (6144K)
 Metaspace       used 117366K, committed 119104K, reserved 557056K
  class space    used 16225K, committed 17024K, reserved 425984K
}
Event: 46.031 GC heap before
{Heap before GC invocations=66 (full 0):
 garbage-first heap   total 350208K, used 297151K [0x0000000080000000, 0x0000000100000000)
  region size 1024K, 24 young (24576K), 6 survivors (6144K)
 Metaspace       used 117452K, committed 119168K, reserved 557056K
  class space    used 16227K, committed 17024K, reserved 425984K
}
Event: 46.034 GC heap after
{Heap after GC invocations=67 (full 0):
 garbage-first heap   total 350208K, used 284616K [0x0000000080000000, 0x0000000100000000)
  region size 1024K, 3 young (3072K), 3 survivors (3072K)
 Metaspace       used 117452K, committed 119168K, reserved 557056K
  class space    used 16227K, committed 17024K, reserved 425984K
}
Event: 46.261 GC heap before
{Heap before GC invocations=67 (full 0):
 garbage-first heap   total 350208K, used 309192K [0x0000000080000000, 0x0000000100000000)
  region size 1024K, 19 young (19456K), 3 survivors (3072K)
 Metaspace       used 117625K, committed 119296K, reserved 557056K
  class space    used 16237K, committed 17024K, reserved 425984K
}
Event: 46.265 GC heap after
{Heap after GC invocations=68 (full 0):
 garbage-first heap   total 350208K, used 288483K [0x0000000080000000, 0x0000000100000000)
  region size 1024K, 3 young (3072K), 3 survivors (3072K)
 Metaspace       used 117625K, committed 119296K, reserved 557056K
  class space    used 16237K, committed 17024K, reserved 425984K
}
Event: 46.433 GC heap before
{Heap before GC invocations=68 (full 0):
 garbage-first heap   total 350208K, used 303843K [0x0000000080000000, 0x0000000100000000)
  region size 1024K, 18 young (18432K), 3 survivors (3072K)
 Metaspace       used 117686K, committed 119360K, reserved 557056K
  class space    used 16243K, committed 17024K, reserved 425984K
}
Event: 46.436 GC heap after
{Heap after GC invocations=69 (full 0):
 garbage-first heap   total 350208K, used 290632K [0x0000000080000000, 0x0000000100000000)
  region size 1024K, 2 young (2048K), 2 survivors (2048K)
 Metaspace       used 117686K, committed 119360K, reserved 557056K
  class space    used 16243K, committed 17024K, reserved 425984K
}
Event: 46.612 GC heap before
{Heap before GC invocations=69 (full 0):
 garbage-first heap   total 350208K, used 315208K [0x0000000080000000, 0x0000000100000000)
  region size 1024K, 15 young (15360K), 2 survivors (2048K)
 Metaspace       used 117709K, committed 119424K, reserved 557056K
  class space    used 16243K, committed 17024K, reserved 425984K
}
Event: 46.616 GC heap after
{Heap after GC invocations=70 (full 0):
 garbage-first heap   total 350208K, used 299614K [0x0000000080000000, 0x0000000100000000)
  region size 1024K, 3 young (3072K), 3 survivors (3072K)
 Metaspace       used 117709K, committed 119424K, reserved 557056K
  class space    used 16243K, committed 17024K, reserved 425984K
}
Event: 46.688 GC heap before
{Heap before GC invocations=70 (full 0):
 garbage-first heap   total 350208K, used 318046K [0x0000000080000000, 0x0000000100000000)
  region size 1024K, 17 young (17408K), 3 survivors (3072K)
 Metaspace       used 117995K, committed 119744K, reserved 557056K
  class space    used 16266K, committed 17088K, reserved 425984K
}
Event: 46.690 GC heap after
{Heap after GC invocations=71 (full 0):
 garbage-first heap   total 350208K, used 298113K [0x0000000080000000, 0x0000000100000000)
  region size 1024K, 3 young (3072K), 3 survivors (3072K)
 Metaspace       used 117995K, committed 119744K, reserved 557056K
  class space    used 16266K, committed 17088K, reserved 425984K
}
Event: 46.712 GC heap before
{Heap before GC invocations=71 (full 0):
 garbage-first heap   total 350208K, used 311425K [0x0000000080000000, 0x0000000100000000)
  region size 1024K, 17 young (17408K), 3 survivors (3072K)
 Metaspace       used 118178K, committed 119872K, reserved 557056K
  class space    used 16279K, committed 17088K, reserved 425984K
}
Event: 46.715 GC heap after
{Heap after GC invocations=72 (full 0):
 garbage-first heap   total 350208K, used 300752K [0x0000000080000000, 0x0000000100000000)
  region size 1024K, 3 young (3072K), 3 survivors (3072K)
 Metaspace       used 118178K, committed 119872K, reserved 557056K
  class space    used 16279K, committed 17088K, reserved 425984K
}
Event: 46.740 GC heap before
{Heap before GC invocations=72 (full 0):
 garbage-first heap   total 350208K, used 314064K [0x0000000080000000, 0x0000000100000000)
  region size 1024K, 17 young (17408K), 3 survivors (3072K)
 Metaspace       used 118543K, committed 120256K, reserved 557056K
  class space    used 16322K, committed 17088K, reserved 425984K
}
Event: 46.743 GC heap after
{Heap after GC invocations=73 (full 0):
 garbage-first heap   total 350208K, used 303830K [0x0000000080000000, 0x0000000100000000)
  region size 1024K, 3 young (3072K), 3 survivors (3072K)
 Metaspace       used 118543K, committed 120256K, reserved 557056K
  class space    used 16322K, committed 17088K, reserved 425984K
}
Event: 46.825 GC heap before
{Heap before GC invocations=73 (full 0):
 garbage-first heap   total 350208K, used 317141K [0x0000000080000000, 0x0000000100000000)
  region size 1024K, 17 young (17408K), 3 survivors (3072K)
 Metaspace       used 119910K, committed 121600K, reserved 557056K
  class space    used 16437K, committed 17216K, reserved 425984K
}
Event: 46.827 GC heap after
{Heap after GC invocations=74 (full 0):
 garbage-first heap   total 350208K, used 304968K [0x0000000080000000, 0x0000000100000000)
  region size 1024K, 2 young (2048K), 2 survivors (2048K)
 Metaspace       used 119910K, committed 121600K, reserved 557056K
  class space    used 16437K, committed 17216K, reserved 425984K
}
Event: 46.892 GC heap before
{Heap before GC invocations=74 (full 0):
 garbage-first heap   total 350208K, used 319304K [0x0000000080000000, 0x0000000100000000)
  region size 1024K, 17 young (17408K), 2 survivors (2048K)
 Metaspace       used 121143K, committed 122816K, reserved 557056K
  class space    used 16576K, committed 17344K, reserved 425984K
}
Event: 46.895 GC heap after
{Heap after GC invocations=75 (full 0):
 garbage-first heap   total 350208K, used 306345K [0x0000000080000000, 0x0000000100000000)
  region size 1024K, 3 young (3072K), 3 survivors (3072K)
 Metaspace       used 121143K, committed 122816K, reserved 557056K
  class space    used 16576K, committed 17344K, reserved 425984K
}
Event: 46.948 GC heap before
{Heap before GC invocations=75 (full 0):
 garbage-first heap   total 350208K, used 320681K [0x0000000080000000, 0x0000000100000000)
  region size 1024K, 17 young (17408K), 3 survivors (3072K)
 Metaspace       used 121287K, committed 122944K, reserved 557056K
  class space    used 16576K, committed 17344K, reserved 425984K
}

