# JRE version: OpenJDK Runtime Environment Microsoft-10376486 (17.0.13+11) (build 17.0.13+11-LTS)
# Java VM: OpenJDK 64-Bit Server VM Microsoft-10376486 (17.0.13+11-LTS, mixed mode, sharing, tiered, compressed oops, compressed class ptrs, g1 gc, windows-amd64)
GC Precious Log:
 CPUs: 12 total, 12 available
 Memory: 15710M
 Large Page Support: Disabled
 NUMA Support: Disabled
 Compressed Oops: Enabled (32-bit)
 Heap Region Size: 1M
 Heap Min Capacity: 8M
 Heap Initial Capacity: 246M
 Heap Max Capacity: 2G
 Pre-touch: Disabled
 Parallel Workers: 10
 Concurrent Workers: 3
 Concurrent Refinement Workers: 10
 Periodic GC: Disabled
Heap:
 garbage-first heap   total 92160K, used 41266K [0x0000000080000000, 0x0000000100000000)
  region size 1024K, 9 young (9216K), 3 survivors (3072K)
 Metaspace       used 41010K, committed 41600K, reserved 491520K
  class space    used 5805K, committed 6080K, reserved 425984K
GC Heap History (18 events):
Event: 0.359 GC heap before
{Heap before GC invocations=0 (full 0):
 garbage-first heap   total 251904K, used 22528K [0x0000000080000000, 0x0000000100000000)
  region size 1024K, 23 young (23552K), 0 survivors (0K)
 Metaspace       used 1086K, committed 1216K, reserved 491520K
  class space    used 72K, committed 128K, reserved 425984K
}
Event: 0.361 GC heap after
{Heap after GC invocations=1 (full 0):
 garbage-first heap   total 251904K, used 4176K [0x0000000080000000, 0x0000000100000000)
  region size 1024K, 3 young (3072K), 3 survivors (3072K)
 Metaspace       used 1086K, committed 1216K, reserved 491520K
  class space    used 72K, committed 128K, reserved 425984K
}
Event: 0.832 GC heap before
{Heap before GC invocations=1 (full 0):
 garbage-first heap   total 251904K, used 40016K [0x0000000080000000, 0x0000000100000000)
  region size 1024K, 34 young (34816K), 3 survivors (3072K)
 Metaspace       used 4343K, committed 4544K, reserved 491520K
  class space    used 541K, committed 640K, reserved 425984K
}
Event: 0.835 GC heap after
{Heap after GC invocations=2 (full 0):
 garbage-first heap   total 251904K, used 11992K [0x0000000080000000, 0x0000000100000000)
  region size 1024K, 4 young (4096K), 4 survivors (4096K)
 Metaspace       used 4343K, committed 4544K, reserved 491520K
  class space    used 541K, committed 640K, reserved 425984K
}
Event: 1.340 GC heap before
{Heap before GC invocations=2 (full 0):
 garbage-first heap   total 251904K, used 60120K [0x0000000080000000, 0x0000000100000000)
  region size 1024K, 49 young (50176K), 4 survivors (4096K)
 Metaspace       used 4961K, committed 5184K, reserved 491520K
  class space    used 643K, committed 768K, reserved 425984K
}
Event: 1.342 GC heap after
{Heap after GC invocations=3 (full 0):
 garbage-first heap   total 251904K, used 17492K [0x0000000080000000, 0x0000000100000000)
  region size 1024K, 7 young (7168K), 7 survivors (7168K)
 Metaspace       used 4961K, committed 5184K, reserved 491520K
  class space    used 643K, committed 768K, reserved 425984K
}
Event: 2.983 GC heap before
{Heap before GC invocations=3 (full 0):
 garbage-first heap   total 251904K, used 122964K [0x0000000080000000, 0x0000000100000000)
  region size 1024K, 111 young (113664K), 7 survivors (7168K)
 Metaspace       used 21208K, committed 21504K, reserved 491520K
  class space    used 3081K, committed 3200K, reserved 425984K
}
Event: 2.990 GC heap after
{Heap after GC invocations=4 (full 0):
 garbage-first heap   total 251904K, used 24845K [0x0000000080000000, 0x0000000100000000)
  region size 1024K, 15 young (15360K), 15 survivors (15360K)
 Metaspace       used 21208K, committed 21504K, reserved 491520K
  class space    used 3081K, committed 3200K, reserved 425984K
}
Event: 3.431 GC heap before
{Heap before GC invocations=5 (full 0):
 garbage-first heap   total 92160K, used 64781K [0x0000000080000000, 0x0000000100000000)
  region size 1024K, 54 young (55296K), 15 survivors (15360K)
 Metaspace       used 25644K, committed 26048K, reserved 491520K
  class space    used 3796K, committed 3968K, reserved 425984K
}
Event: 3.436 GC heap after
{Heap after GC invocations=6 (full 0):
 garbage-first heap   total 92160K, used 26602K [0x0000000080000000, 0x0000000100000000)
  region size 1024K, 3 young (3072K), 3 survivors (3072K)
 Metaspace       used 25644K, committed 26048K, reserved 491520K
  class space    used 3796K, committed 3968K, reserved 425984K
}
Event: 3.794 GC heap before
{Heap before GC invocations=6 (full 0):
 garbage-first heap   total 92160K, used 66538K [0x0000000080000000, 0x0000000100000000)
  region size 1024K, 43 young (44032K), 3 survivors (3072K)
 Metaspace       used 31705K, committed 32064K, reserved 491520K
  class space    used 4452K, committed 4608K, reserved 425984K
}
Event: 3.797 GC heap after
{Heap after GC invocations=7 (full 0):
 garbage-first heap   total 92160K, used 31276K [0x0000000080000000, 0x0000000100000000)
  region size 1024K, 6 young (6144K), 6 survivors (6144K)
 Metaspace       used 31705K, committed 32064K, reserved 491520K
  class space    used 4452K, committed 4608K, reserved 425984K
}
Event: 4.155 GC heap before
{Heap before GC invocations=7 (full 0):
 garbage-first heap   total 92160K, used 69164K [0x0000000080000000, 0x0000000100000000)
  region size 1024K, 39 young (39936K), 6 survivors (6144K)
 Metaspace       used 35523K, committed 35968K, reserved 491520K
  class space    used 4950K, committed 5184K, reserved 425984K
}
Event: 4.159 GC heap after
{Heap after GC invocations=8 (full 0):
 garbage-first heap   total 92160K, used 33335K [0x0000000080000000, 0x0000000100000000)
  region size 1024K, 4 young (4096K), 4 survivors (4096K)
 Metaspace       used 35523K, committed 35968K, reserved 491520K
  class space    used 4950K, committed 5184K, reserved 425984K
}
Event: 4.332 GC heap before
{Heap before GC invocations=9 (full 0):
 garbage-first heap   total 92160K, used 69175K [0x0000000080000000, 0x0000000100000000)
  region size 1024K, 39 young (39936K), 4 survivors (4096K)
 Metaspace       used 36882K, committed 37312K, reserved 491520K
  class space    used 5152K, committed 5376K, reserved 425984K
}
Event: 4.334 GC heap after
{Heap after GC invocations=10 (full 0):
 garbage-first heap   total 92160K, used 34637K [0x0000000080000000, 0x0000000100000000)
  region size 1024K, 2 young (2048K), 2 survivors (2048K)
 Metaspace       used 36882K, committed 37312K, reserved 491520K
  class space    used 5152K, committed 5376K, reserved 425984K
}
Event: 4.738 GC heap before
{Heap before GC invocations=10 (full 0):
 garbage-first heap   total 92160K, used 70477K [0x0000000080000000, 0x0000000100000000)
  region size 1024K, 37 young (37888K), 2 survivors (2048K)
 Metaspace       used 40347K, committed 40896K, reserved 491520K
  class space    used 5708K, committed 5952K, reserved 425984K
}
Event: 4.741 GC heap after
{Heap after GC invocations=11 (full 0):
 garbage-first heap   total 92160K, used 36146K [0x0000000080000000, 0x0000000100000000)
  region size 1024K, 3 young (3072K), 3 survivors (3072K)
 Metaspace       used 40347K, committed 40896K, reserved 491520K
  class space    used 5708K, committed 5952K, reserved 425984K
}

