# JRE version: OpenJDK Runtime Environment Microsoft-10376486 (17.0.13+11) (build 17.0.13+11-LTS)
# Java VM: OpenJDK 64-Bit Server VM Microsoft-10376486 (17.0.13+11-LTS, mixed mode, sharing, tiered, compressed oops, compressed class ptrs, g1 gc, windows-amd64)
GC Precious Log:
 CPUs: 12 total, 12 available
 Memory: 15710M
 Large Page Support: Disabled
 NUMA Support: Disabled
 Compressed Oops: Enabled (32-bit)
 Heap Region Size: 1M
 Heap Min Capacity: 8M
 Heap Initial Capacity: 246M
 Heap Max Capacity: 2G
 Pre-touch: Disabled
 Parallel Workers: 10
 Concurrent Workers: 3
 Concurrent Refinement Workers: 10
 Periodic GC: Disabled
Heap:
 garbage-first heap   total 401408K, used 397565K [0x0000000080000000, 0x0000000100000000)
  region size 1024K, 8 young (8192K), 5 survivors (5120K)
 Metaspace       used 120483K, committed 122048K, reserved 557056K
  class space    used 16586K, committed 17280K, reserved 425984K
GC Heap History (20 events):
Event: 17.740 GC heap before
{Heap before GC invocations=73 (full 0):
 garbage-first heap   total 330752K, used 283119K [0x0000000080000000, 0x0000000100000000)
  region size 1024K, 50 young (51200K), 4 survivors (4096K)
 Metaspace       used 115065K, committed 116544K, reserved 557056K
  class space    used 15922K, committed 16576K, reserved 425984K
}
Event: 17.743 GC heap after
{Heap after GC invocations=74 (full 0):
 garbage-first heap   total 330752K, used 239972K [0x0000000080000000, 0x0000000100000000)
  region size 1024K, 7 young (7168K), 7 survivors (7168K)
 Metaspace       used 115065K, committed 116544K, reserved 557056K
  class space    used 15922K, committed 16576K, reserved 425984K
}
Event: 17.831 GC heap before
{Heap before GC invocations=74 (full 0):
 garbage-first heap   total 330752K, used 282980K [0x0000000080000000, 0x0000000100000000)
  region size 1024K, 50 young (51200K), 7 survivors (7168K)
 Metaspace       used 115123K, committed 116608K, reserved 557056K
  class space    used 15931K, committed 16576K, reserved 425984K
}
Event: 17.834 GC heap after
{Heap after GC invocations=75 (full 0):
 garbage-first heap   total 330752K, used 241193K [0x0000000080000000, 0x0000000100000000)
  region size 1024K, 4 young (4096K), 4 survivors (4096K)
 Metaspace       used 115123K, committed 116608K, reserved 557056K
  class space    used 15931K, committed 16576K, reserved 425984K
}
Event: 17.891 GC heap before
{Heap before GC invocations=75 (full 0):
 garbage-first heap   total 330752K, used 282153K [0x0000000080000000, 0x0000000100000000)
  region size 1024K, 45 young (46080K), 4 survivors (4096K)
 Metaspace       used 115124K, committed 116608K, reserved 557056K
  class space    used 15931K, committed 16576K, reserved 425984K
}
Event: 17.894 GC heap after
{Heap after GC invocations=76 (full 0):
 garbage-first heap   total 330752K, used 242245K [0x0000000080000000, 0x0000000100000000)
  region size 1024K, 4 young (4096K), 4 survivors (4096K)
 Metaspace       used 115124K, committed 116608K, reserved 557056K
  class space    used 15931K, committed 16576K, reserved 425984K
}
Event: 17.971 GC heap before
{Heap before GC invocations=76 (full 0):
 garbage-first heap   total 330752K, used 283205K [0x0000000080000000, 0x0000000100000000)
  region size 1024K, 45 young (46080K), 4 survivors (4096K)
 Metaspace       used 115218K, committed 116672K, reserved 557056K
  class space    used 15939K, committed 16576K, reserved 425984K
}
Event: 17.974 GC heap after
{Heap after GC invocations=77 (full 0):
 garbage-first heap   total 330752K, used 243542K [0x0000000080000000, 0x0000000100000000)
  region size 1024K, 5 young (5120K), 5 survivors (5120K)
 Metaspace       used 115218K, committed 116672K, reserved 557056K
  class space    used 15939K, committed 16576K, reserved 425984K
}
Event: 18.028 GC heap before
{Heap before GC invocations=77 (full 0):
 garbage-first heap   total 330752K, used 283478K [0x0000000080000000, 0x0000000100000000)
  region size 1024K, 45 young (46080K), 5 survivors (5120K)
 Metaspace       used 115218K, committed 116672K, reserved 557056K
  class space    used 15939K, committed 16576K, reserved 425984K
}
Event: 18.030 GC heap after
{Heap after GC invocations=78 (full 0):
 garbage-first heap   total 330752K, used 244742K [0x0000000080000000, 0x0000000100000000)
  region size 1024K, 4 young (4096K), 4 survivors (4096K)
 Metaspace       used 115218K, committed 116672K, reserved 557056K
  class space    used 15939K, committed 16576K, reserved 425984K
}
Event: 18.270 GC heap before
{Heap before GC invocations=78 (full 0):
 garbage-first heap   total 330752K, used 284678K [0x0000000080000000, 0x0000000100000000)
  region size 1024K, 44 young (45056K), 4 survivors (4096K)
 Metaspace       used 116514K, committed 118016K, reserved 557056K
  class space    used 16110K, committed 16768K, reserved 425984K
}
Event: 18.273 GC heap after
{Heap after GC invocations=79 (full 0):
 garbage-first heap   total 397312K, used 246957K [0x0000000080000000, 0x0000000100000000)
  region size 1024K, 3 young (3072K), 3 survivors (3072K)
 Metaspace       used 116514K, committed 118016K, reserved 557056K
  class space    used 16110K, committed 16768K, reserved 425984K
}
Event: 19.813 GC heap before
{Heap before GC invocations=79 (full 0):
 garbage-first heap   total 397312K, used 331949K [0x0000000080000000, 0x0000000100000000)
  region size 1024K, 87 young (89088K), 3 survivors (3072K)
 Metaspace       used 118963K, committed 120448K, reserved 557056K
  class space    used 16401K, committed 17088K, reserved 425984K
}
Event: 19.817 GC heap after
{Heap after GC invocations=80 (full 0):
 garbage-first heap   total 397312K, used 253658K [0x0000000080000000, 0x0000000100000000)
  region size 1024K, 10 young (10240K), 10 survivors (10240K)
 Metaspace       used 118963K, committed 120448K, reserved 557056K
  class space    used 16401K, committed 17088K, reserved 425984K
}
Event: 20.314 GC heap before
{Heap before GC invocations=80 (full 0):
 garbage-first heap   total 397312K, used 332506K [0x0000000080000000, 0x0000000100000000)
  region size 1024K, 88 young (90112K), 10 survivors (10240K)
 Metaspace       used 120288K, committed 121728K, reserved 557056K
  class space    used 16566K, committed 17216K, reserved 425984K
}
Event: 20.318 GC heap after
{Heap after GC invocations=81 (full 0):
 garbage-first heap   total 397312K, used 254809K [0x0000000080000000, 0x0000000100000000)
  region size 1024K, 6 young (6144K), 6 survivors (6144K)
 Metaspace       used 120288K, committed 121728K, reserved 557056K
  class space    used 16566K, committed 17216K, reserved 425984K
}
Event: 20.330 GC heap before
{Heap before GC invocations=81 (full 0):
 garbage-first heap   total 397312K, used 287577K [0x0000000080000000, 0x0000000100000000)
  region size 1024K, 12 young (12288K), 6 survivors (6144K)
 Metaspace       used 120438K, committed 121984K, reserved 557056K
  class space    used 16582K, committed 17280K, reserved 425984K
}
Event: 20.333 GC heap after
{Heap after GC invocations=82 (full 0):
 garbage-first heap   total 397312K, used 287031K [0x0000000080000000, 0x0000000100000000)
  region size 1024K, 9 young (9216K), 9 survivors (9216K)
 Metaspace       used 120438K, committed 121984K, reserved 557056K
  class space    used 16582K, committed 17280K, reserved 425984K
}
Event: 20.336 GC heap before
{Heap before GC invocations=82 (full 0):
 garbage-first heap   total 397312K, used 308535K [0x0000000080000000, 0x0000000100000000)
  region size 1024K, 11 young (11264K), 9 survivors (9216K)
 Metaspace       used 120439K, committed 121984K, reserved 557056K
  class space    used 16582K, committed 17280K, reserved 425984K
}
Event: 20.340 GC heap after
{Heap after GC invocations=83 (full 0):
 garbage-first heap   total 397312K, used 307453K [0x0000000080000000, 0x0000000100000000)
  region size 1024K, 5 young (5120K), 5 survivors (5120K)
 Metaspace       used 120439K, committed 121984K, reserved 557056K
  class space    used 16582K, committed 17280K, reserved 425984K
}

