# JRE version: OpenJDK Runtime Environment Microsoft-10376486 (17.0.13+11) (build 17.0.13+11-LTS)
# Java VM: OpenJDK 64-Bit Server VM Microsoft-10376486 (17.0.13+11-LTS, mixed mode, sharing, tiered, compressed oops, compressed class ptrs, g1 gc, windows-amd64)
GC Precious Log:
 CPUs: 12 total, 12 available
 Memory: 15710M
 Large Page Support: Disabled
 NUMA Support: Disabled
 Compressed Oops: Enabled (32-bit)
 Heap Region Size: 1M
 Heap Min Capacity: 8M
 Heap Initial Capacity: 246M
 Heap Max Capacity: 2G
 Pre-touch: Disabled
 Parallel Workers: 10
 Concurrent Workers: 3
 Concurrent Refinement Workers: 10
 Periodic GC: Disabled
Heap:
 garbage-first heap   total 380928K, used 313914K [0x0000000080000000, 0x0000000100000000)
  region size 1024K, 62 young (63488K), 11 survivors (11264K)
 Metaspace       used 119181K, committed 120960K, reserved 557056K
  class space    used 16457K, committed 17280K, reserved 425984K
GC Heap History (20 events):
Event: 41.943 GC heap before
{Heap before GC invocations=70 (full 0):
 garbage-first heap   total 380928K, used 311621K [0x0000000080000000, 0x0000000100000000)
  region size 1024K, 94 young (96256K), 3 survivors (3072K)
 Metaspace       used 111356K, committed 112768K, reserved 557056K
  class space    used 15580K, committed 16192K, reserved 425984K
}
Event: 41.947 GC heap after
{Heap after GC invocations=71 (full 0):
 garbage-first heap   total 380928K, used 220914K [0x0000000080000000, 0x0000000100000000)
  region size 1024K, 5 young (5120K), 5 survivors (5120K)
 Metaspace       used 111356K, committed 112768K, reserved 557056K
  class space    used 15580K, committed 16192K, reserved 425984K
}
Event: 42.989 GC heap before
{Heap before GC invocations=71 (full 0):
 garbage-first heap   total 380928K, used 314098K [0x0000000080000000, 0x0000000100000000)
  region size 1024K, 97 young (99328K), 5 survivors (5120K)
 Metaspace       used 111469K, committed 112832K, reserved 557056K
  class space    used 15590K, committed 16192K, reserved 425984K
}
Event: 42.995 GC heap after
{Heap after GC invocations=72 (full 0):
 garbage-first heap   total 380928K, used 223878K [0x0000000080000000, 0x0000000100000000)
  region size 1024K, 8 young (8192K), 8 survivors (8192K)
 Metaspace       used 111469K, committed 112832K, reserved 557056K
  class space    used 15590K, committed 16192K, reserved 425984K
}
Event: 43.517 GC heap before
{Heap before GC invocations=72 (full 0):
 garbage-first heap   total 380928K, used 316038K [0x0000000080000000, 0x0000000100000000)
  region size 1024K, 99 young (101376K), 8 survivors (8192K)
 Metaspace       used 111609K, committed 112960K, reserved 557056K
  class space    used 15603K, committed 16192K, reserved 425984K
}
Event: 43.523 GC heap after
{Heap after GC invocations=73 (full 0):
 garbage-first heap   total 380928K, used 226513K [0x0000000080000000, 0x0000000100000000)
  region size 1024K, 8 young (8192K), 8 survivors (8192K)
 Metaspace       used 111609K, committed 112960K, reserved 557056K
  class space    used 15603K, committed 16192K, reserved 425984K
}
Event: 44.334 GC heap before
{Heap before GC invocations=73 (full 0):
 garbage-first heap   total 380928K, used 318673K [0x0000000080000000, 0x0000000100000000)
  region size 1024K, 99 young (101376K), 8 survivors (8192K)
 Metaspace       used 111895K, committed 113344K, reserved 557056K
  class space    used 15630K, committed 16256K, reserved 425984K
}
Event: 44.343 GC heap after
{Heap after GC invocations=74 (full 0):
 garbage-first heap   total 380928K, used 230527K [0x0000000080000000, 0x0000000100000000)
  region size 1024K, 9 young (9216K), 9 survivors (9216K)
 Metaspace       used 111895K, committed 113344K, reserved 557056K
  class space    used 15630K, committed 16256K, reserved 425984K
}
Event: 44.780 GC heap before
{Heap before GC invocations=74 (full 0):
 garbage-first heap   total 380928K, used 319615K [0x0000000080000000, 0x0000000100000000)
  region size 1024K, 97 young (99328K), 9 survivors (9216K)
 Metaspace       used 112023K, committed 113408K, reserved 557056K
  class space    used 15645K, committed 16256K, reserved 425984K
}
Event: 44.788 GC heap after
{Heap after GC invocations=75 (full 0):
 garbage-first heap   total 380928K, used 233201K [0x0000000080000000, 0x0000000100000000)
  region size 1024K, 9 young (9216K), 9 survivors (9216K)
 Metaspace       used 112023K, committed 113408K, reserved 557056K
  class space    used 15645K, committed 16256K, reserved 425984K
}
Event: 45.131 GC heap before
{Heap before GC invocations=75 (full 0):
 garbage-first heap   total 380928K, used 322289K [0x0000000080000000, 0x0000000100000000)
  region size 1024K, 97 young (99328K), 9 survivors (9216K)
 Metaspace       used 112077K, committed 113472K, reserved 557056K
  class space    used 15645K, committed 16256K, reserved 425984K
}
Event: 45.139 GC heap after
{Heap after GC invocations=76 (full 0):
 garbage-first heap   total 380928K, used 236382K [0x0000000080000000, 0x0000000100000000)
  region size 1024K, 8 young (8192K), 8 survivors (8192K)
 Metaspace       used 112077K, committed 113472K, reserved 557056K
  class space    used 15645K, committed 16256K, reserved 425984K
}
Event: 47.349 GC heap before
{Heap before GC invocations=76 (full 0):
 garbage-first heap   total 380928K, used 327518K [0x0000000080000000, 0x0000000100000000)
  region size 1024K, 93 young (95232K), 8 survivors (8192K)
 Metaspace       used 115750K, committed 117184K, reserved 557056K
  class space    used 16032K, committed 16640K, reserved 425984K
}
Event: 47.361 GC heap after
{Heap after GC invocations=77 (full 0):
 garbage-first heap   total 380928K, used 238854K [0x0000000080000000, 0x0000000100000000)
  region size 1024K, 8 young (8192K), 8 survivors (8192K)
 Metaspace       used 115750K, committed 117184K, reserved 557056K
  class space    used 16032K, committed 16640K, reserved 425984K
}
Event: 339.976 GC heap before
{Heap before GC invocations=77 (full 0):
 garbage-first heap   total 380928K, used 323846K [0x0000000080000000, 0x0000000100000000)
  region size 1024K, 92 young (94208K), 8 survivors (8192K)
 Metaspace       used 118020K, committed 119552K, reserved 557056K
  class space    used 16333K, committed 17024K, reserved 425984K
}
Event: 339.987 GC heap after
{Heap after GC invocations=78 (full 0):
 garbage-first heap   total 380928K, used 243191K [0x0000000080000000, 0x0000000100000000)
  region size 1024K, 10 young (10240K), 10 survivors (10240K)
 Metaspace       used 118020K, committed 119552K, reserved 557056K
  class space    used 16333K, committed 17024K, reserved 425984K
}
Event: 341.795 GC heap before
{Heap before GC invocations=78 (full 0):
 garbage-first heap   total 380928K, used 323063K [0x0000000080000000, 0x0000000100000000)
  region size 1024K, 89 young (91136K), 10 survivors (10240K)
 Metaspace       used 118658K, committed 120256K, reserved 557056K
  class space    used 16387K, committed 17152K, reserved 425984K
}
Event: 341.807 GC heap after
{Heap after GC invocations=79 (full 0):
 garbage-first heap   total 380928K, used 251033K [0x0000000080000000, 0x0000000100000000)
  region size 1024K, 12 young (12288K), 12 survivors (12288K)
 Metaspace       used 118658K, committed 120256K, reserved 557056K
  class space    used 16387K, committed 17152K, reserved 425984K
}
Event: 343.151 GC heap before
{Heap before GC invocations=79 (full 0):
 garbage-first heap   total 380928K, used 322713K [0x0000000080000000, 0x0000000100000000)
  region size 1024K, 82 young (83968K), 12 survivors (12288K)
 Metaspace       used 118887K, committed 120512K, reserved 557056K
  class space    used 16405K, committed 17152K, reserved 425984K
}
Event: 343.168 GC heap after
{Heap after GC invocations=80 (full 0):
 garbage-first heap   total 380928K, used 262714K [0x0000000080000000, 0x0000000100000000)
  region size 1024K, 11 young (11264K), 11 survivors (11264K)
 Metaspace       used 118887K, committed 120512K, reserved 557056K
  class space    used 16405K, committed 17152K, reserved 425984K
}

